<?xml version="1.0" encoding="UTF-8"?>
<!-- Generated by org.testng.reporters.JUnitReportReporter -->
<testsuite hostname="DESKTOP-N7DTDFE" failures="0" tests="1" name="SocialPages" time="13.077" errors="0" timestamp="2024-05-04T17:18:52 EEST" skipped="0">
  <testcase classname="SocialPages" name="CheckPages" time="13.077"/>
</testsuite> <!-- SocialPages -->
