<?xml version="1.0" encoding="UTF-8"?>
<!-- Generated by org.testng.reporters.JUnitReportReporter -->
<testsuite hostname="DESKTOP-N7DTDFE" failures="0" tests="1" name="Chatbot" time="12.321" errors="0" timestamp="2024-05-04T17:08:21 EEST" skipped="0">
  <testcase classname="Chatbot" name="chat" time="12.321"/>
</testsuite> <!-- Chatbot -->
