<?xml version="1.0" encoding="UTF-8"?>
<!-- Generated by org.testng.reporters.JUnitReportReporter -->
<testsuite hostname="DESKTOP-N7DTDFE" failures="0" tests="1" name="NavigateToApp" time="20.295" errors="0" timestamp="2024-05-04T16:56:43 EEST" skipped="0">
  <testcase classname="NavigateToApp" name="navigate" time="20.295"/>
</testsuite> <!-- NavigateToApp -->
