<?xml version="1.0" encoding="UTF-8"?>
<!-- Generated by org.testng.reporters.JUnitReportReporter -->
<testsuite hostname="DESKTOP-N7DTDFE" failures="0" tests="1" name="TestComponents.Chatbot" time="25.728" errors="0" timestamp="2024-05-05T16:08:59 EEST" skipped="0">
  <testcase classname="TestComponents.Chatbot" name="chat" time="25.728"/>
</testsuite> <!-- TestComponents.Chatbot -->
