<?xml version="1.0" encoding="UTF-8"?>
<!-- Generated by org.testng.reporters.JUnitReportReporter -->
<testsuite hostname="DESKTOP-N7DTDFE" failures="0" tests="1" name="TestComponents.ContactUs" time="23.824" errors="0" timestamp="2024-05-05T16:08:59 EEST" skipped="0">
  <testcase classname="TestComponents.ContactUs" name="Contact" time="23.824"/>
</testsuite> <!-- TestComponents.ContactUs -->
