<?xml version="1.0" encoding="UTF-8"?>
<!-- Generated by org.testng.reporters.JUnitReportReporter -->
<testsuite hostname="DESKTOP-N7DTDFE" failures="0" tests="1" name="ContactUs" time="36.546" errors="0" timestamp="2024-05-04T17:09:53 EEST" skipped="0">
  <testcase classname="ContactUs" name="Contact" time="36.546"/>
</testsuite> <!-- ContactUs -->
