<?xml version="1.0" encoding="UTF-8"?>
<!-- Generated by org.testng.reporters.JUnitReportReporter -->
<testsuite hostname="DESKTOP-N7DTDFE" failures="0" tests="1" name="BookSession" time="18.474" errors="0" timestamp="2024-05-04T17:07:11 EEST" skipped="0">
  <testcase classname="BookSession" name="Book" time="18.474"/>
</testsuite> <!-- BookSession -->
